<?xml version="1.0" encoding="UTF-8"?>
<!-- Generated by org.testng.reporters.JUnitReportReporter -->
<testsuite skipped="0" hostname="DESKTOP-JQ0LRFT" name="allTest.HomepageTest" tests="1" failures="0" timestamp="2020-03-01T15:47:36 EST" time="15.238" errors="0">
  <testcase name="testDeals" time="15.238" classname="allTest.HomepageTest"/>
  <system-out/>
</testsuite> <!-- allTest.HomepageTest -->
